# JRE version: Java(TM) SE Runtime Environment (8.0_161-b12) (build 1.8.0_161-b12)
# Java VM: Java HotSpot(TM) 64-Bit Server VM (25.161-b12 mixed mode windows-amd64 compressed oops)
Heap:
 PSYoungGen      total 21504K, used 4934K [0x00000000ebc00000, 0x00000000ee000000, 0x0000000100000000)
  eden space 18944K, 12% used [0x00000000ebc00000,0x00000000ebe55b48,0x00000000ece80000)
  from space 2560K, 99% used [0x00000000edd80000,0x00000000edffc040,0x00000000ee000000)
  to   space 2560K, 0% used [0x00000000edb00000,0x00000000edb00000,0x00000000edd80000)
 ParOldGen       total 40960K, used 10643K [0x00000000c3400000, 0x00000000c5c00000, 0x00000000ebc00000)
  object space 40960K, 25% used [0x00000000c3400000,0x00000000c3e64f88,0x00000000c5c00000)
 Metaspace       used 24617K, capacity 25770K, committed 25984K, reserved 1071104K
  class space    used 3382K, capacity 3629K, committed 3712K, reserved 1048576K
GC Heap History (10 events):
Event: 1.647 GC heap before
{Heap before GC invocations=1 (full 0):
 PSYoungGen      total 18432K, used 15872K [0x00000000ebc00000, 0x00000000ed080000, 0x0000000100000000)
  eden space 15872K, 100% used [0x00000000ebc00000,0x00000000ecb80000,0x00000000ecb80000)
  from space 2560K, 0% used [0x00000000ece00000,0x00000000ece00000,0x00000000ed080000)
  to   space 2560K, 0% used [0x00000000ecb80000,0x00000000ecb80000,0x00000000ece00000)
 ParOldGen       total 42496K, used 0K [0x00000000c3400000, 0x00000000c5d80000, 0x00000000ebc00000)
  object space 42496K, 0% used [0x00000000c3400000,0x00000000c3400000,0x00000000c5d80000)
 Metaspace       used 10642K, capacity 10936K, committed 11136K, reserved 1058816K
  class space    used 1221K, capacity 1317K, committed 1408K, reserved 1048576K
Event: 1.658 GC heap after
Heap after GC invocations=1 (full 0):
 PSYoungGen      total 18432K, used 2544K [0x00000000ebc00000, 0x00000000ed080000, 0x0000000100000000)
  eden space 15872K, 0% used [0x00000000ebc00000,0x00000000ebc00000,0x00000000ecb80000)
  from space 2560K, 99% used [0x00000000ecb80000,0x00000000ecdfc050,0x00000000ece00000)
  to   space 2560K, 0% used [0x00000000ece00000,0x00000000ece00000,0x00000000ed080000)
 ParOldGen       total 42496K, used 783K [0x00000000c3400000, 0x00000000c5d80000, 0x00000000ebc00000)
  object space 42496K, 1% used [0x00000000c3400000,0x00000000c34c3d10,0x00000000c5d80000)
 Metaspace       used 10642K, capacity 10936K, committed 11136K, reserved 1058816K
  class space    used 1221K, capacity 1317K, committed 1408K, reserved 1048576K
}
Event: 2.987 GC heap before
{Heap before GC invocations=2 (full 0):
 PSYoungGen      total 18432K, used 18410K [0x00000000ebc00000, 0x00000000ed080000, 0x0000000100000000)
  eden space 15872K, 99% used [0x00000000ebc00000,0x00000000ecb7e970,0x00000000ecb80000)
  from space 2560K, 99% used [0x00000000ecb80000,0x00000000ecdfc050,0x00000000ece00000)
  to   space 2560K, 0% used [0x00000000ece00000,0x00000000ece00000,0x00000000ed080000)
 ParOldGen       total 42496K, used 783K [0x00000000c3400000, 0x00000000c5d80000, 0x00000000ebc00000)
  object space 42496K, 1% used [0x00000000c3400000,0x00000000c34c3d10,0x00000000c5d80000)
 Metaspace       used 16662K, capacity 17190K, committed 17408K, reserved 1064960K
  class space    used 2138K, capacity 2275K, committed 2304K, reserved 1048576K
Event: 3.002 GC heap after
Heap after GC invocations=2 (full 0):
 PSYoungGen      total 18432K, used 2544K [0x00000000ebc00000, 0x00000000ed080000, 0x0000000100000000)
  eden space 15872K, 0% used [0x00000000ebc00000,0x00000000ebc00000,0x00000000ecb80000)
  from space 2560K, 99% used [0x00000000ece00000,0x00000000ed07c030,0x00000000ed080000)
  to   space 2560K, 0% used [0x00000000ecb80000,0x00000000ecb80000,0x00000000ece00000)
 ParOldGen       total 42496K, used 3985K [0x00000000c3400000, 0x00000000c5d80000, 0x00000000ebc00000)
  object space 42496K, 9% used [0x00000000c3400000,0x00000000c37e4620,0x00000000c5d80000)
 Metaspace       used 16662K, capacity 17190K, committed 17408K, reserved 1064960K
  class space    used 2138K, capacity 2275K, committed 2304K, reserved 1048576K
}
Event: 3.928 GC heap before
{Heap before GC invocations=3 (full 0):
 PSYoungGen      total 18432K, used 15308K [0x00000000ebc00000, 0x00000000ed080000, 0x0000000100000000)
  eden space 15872K, 80% used [0x00000000ebc00000,0x00000000ec876ff8,0x00000000ecb80000)
  from space 2560K, 99% used [0x00000000ece00000,0x00000000ed07c030,0x00000000ed080000)
  to   space 2560K, 0% used [0x00000000ecb80000,0x00000000ecb80000,0x00000000ece00000)
 ParOldGen       total 42496K, used 3985K [0x00000000c3400000, 0x00000000c5d80000, 0x00000000ebc00000)
  object space 42496K, 9% used [0x00000000c3400000,0x00000000c37e4620,0x00000000c5d80000)
 Metaspace       used 20399K, capacity 21250K, committed 21296K, reserved 1067008K
  class space    used 2851K, capacity 3071K, committed 3072K, reserved 1048576K
Event: 3.947 GC heap after
Heap after GC invocations=3 (full 0):
 PSYoungGen      total 18432K, used 2544K [0x00000000ebc00000, 0x00000000ee000000, 0x0000000100000000)
  eden space 15872K, 0% used [0x00000000ebc00000,0x00000000ebc00000,0x00000000ecb80000)
  from space 2560K, 99% used [0x00000000ecb80000,0x00000000ecdfc010,0x00000000ece00000)
  to   space 2560K, 0% used [0x00000000edd80000,0x00000000edd80000,0x00000000ee000000)
 ParOldGen       total 42496K, used 6908K [0x00000000c3400000, 0x00000000c5d80000, 0x00000000ebc00000)
  object space 42496K, 16% used [0x00000000c3400000,0x00000000c3abf258,0x00000000c5d80000)
 Metaspace       used 20399K, capacity 21250K, committed 21296K, reserved 1067008K
  class space    used 2851K, capacity 3071K, committed 3072K, reserved 1048576K
}
Event: 3.947 GC heap before
{Heap before GC invocations=4 (full 1):
 PSYoungGen      total 18432K, used 2544K [0x00000000ebc00000, 0x00000000ee000000, 0x0000000100000000)
  eden space 15872K, 0% used [0x00000000ebc00000,0x00000000ebc00000,0x00000000ecb80000)
  from space 2560K, 99% used [0x00000000ecb80000,0x00000000ecdfc010,0x00000000ece00000)
  to   space 2560K, 0% used [0x00000000edd80000,0x00000000edd80000,0x00000000ee000000)
 ParOldGen       total 42496K, used 6908K [0x00000000c3400000, 0x00000000c5d80000, 0x00000000ebc00000)
  object space 42496K, 16% used [0x00000000c3400000,0x00000000c3abf258,0x00000000c5d80000)
 Metaspace       used 20399K, capacity 21250K, committed 21296K, reserved 1067008K
  class space    used 2851K, capacity 3071K, committed 3072K, reserved 1048576K
Event: 4.107 GC heap after
Heap after GC invocations=4 (full 1):
 PSYoungGen      total 18432K, used 0K [0x00000000ebc00000, 0x00000000ee000000, 0x0000000100000000)
  eden space 15872K, 0% used [0x00000000ebc00000,0x00000000ebc00000,0x00000000ecb80000)
  from space 2560K, 0% used [0x00000000ecb80000,0x00000000ecb80000,0x00000000ece00000)
  to   space 2560K, 0% used [0x00000000edd80000,0x00000000edd80000,0x00000000ee000000)
 ParOldGen       total 40960K, used 8310K [0x00000000c3400000, 0x00000000c5c00000, 0x00000000ebc00000)
  object space 40960K, 20% used [0x00000000c3400000,0x00000000c3c1dba0,0x00000000c5c00000)
 Metaspace       used 20399K, capacity 21250K, committed 21296K, reserved 1067008K
  class space    used 2851K, capacity 3071K, committed 3072K, reserved 1048576K
}
Event: 31.315 GC heap before
{Heap before GC invocations=5 (full 1):
 PSYoungGen      total 18432K, used 15865K [0x00000000ebc00000, 0x00000000ee000000, 0x0000000100000000)
  eden space 15872K, 99% used [0x00000000ebc00000,0x00000000ecb7e6b8,0x00000000ecb80000)
  from space 2560K, 0% used [0x00000000ecb80000,0x00000000ecb80000,0x00000000ece00000)
  to   space 2560K, 0% used [0x00000000edd80000,0x00000000edd80000,0x00000000ee000000)
 ParOldGen       total 40960K, used 8310K [0x00000000c3400000, 0x00000000c5c00000, 0x00000000ebc00000)
  object space 40960K, 20% used [0x00000000c3400000,0x00000000c3c1dba0,0x00000000c5c00000)
 Metaspace       used 23292K, capacity 24450K, committed 24832K, reserved 1071104K
  class space    used 3235K, capacity 3467K, committed 3584K, reserved 1048576K
Event: 31.325 GC heap after
Heap after GC invocations=5 (full 1):
 PSYoungGen      total 21504K, used 2544K [0x00000000ebc00000, 0x00000000ee000000, 0x0000000100000000)
  eden space 18944K, 0% used [0x00000000ebc00000,0x00000000ebc00000,0x00000000ece80000)
  from space 2560K, 99% used [0x00000000edd80000,0x00000000edffc040,0x00000000ee000000)
  to   space 2560K, 0% used [0x00000000edb00000,0x00000000edb00000,0x00000000edd80000)
 ParOldGen       total 40960K, used 10643K [0x00000000c3400000, 0x00000000c5c00000, 0x00000000ebc00000)
  object space 40960K, 25% used [0x00000000c3400000,0x00000000c3e64f88,0x00000000c5c00000)
 Metaspace       used 23292K, capacity 24450K, committed 24832K, reserved 1071104K
  class space    used 3235K, capacity 3467K, committed 3584K, reserved 1048576K
}

