# JRE version: Java(TM) SE Runtime Environment (8.0_161-b12) (build 1.8.0_161-b12)
# Java VM: Java HotSpot(TM) 64-Bit Server VM (25.161-b12 mixed mode windows-amd64 compressed oops)
Heap:
 PSYoungGen      total 21504K, used 4754K [0x00000000ebc00000, 0x00000000ee000000, 0x0000000100000000)
  eden space 18944K, 11% used [0x00000000ebc00000,0x00000000ebe28eb8,0x00000000ece80000)
  from space 2560K, 99% used [0x00000000edd80000,0x00000000edffbc20,0x00000000ee000000)
  to   space 2560K, 0% used [0x00000000edb00000,0x00000000edb00000,0x00000000edd80000)
 ParOldGen       total 41472K, used 10891K [0x00000000c3400000, 0x00000000c5c80000, 0x00000000ebc00000)
  object space 41472K, 26% used [0x00000000c3400000,0x00000000c3ea2f58,0x00000000c5c80000)
 Metaspace       used 24565K, capacity 25706K, committed 25984K, reserved 1071104K
  class space    used 3383K, capacity 3629K, committed 3712K, reserved 1048576K
GC Heap History (10 events):
Event: 1.684 GC heap before
{Heap before GC invocations=1 (full 0):
 PSYoungGen      total 18432K, used 15872K [0x00000000ebc00000, 0x00000000ed080000, 0x0000000100000000)
  eden space 15872K, 100% used [0x00000000ebc00000,0x00000000ecb80000,0x00000000ecb80000)
  from space 2560K, 0% used [0x00000000ece00000,0x00000000ece00000,0x00000000ed080000)
  to   space 2560K, 0% used [0x00000000ecb80000,0x00000000ecb80000,0x00000000ece00000)
 ParOldGen       total 42496K, used 0K [0x00000000c3400000, 0x00000000c5d80000, 0x00000000ebc00000)
  object space 42496K, 0% used [0x00000000c3400000,0x00000000c3400000,0x00000000c5d80000)
 Metaspace       used 10662K, capacity 10936K, committed 11136K, reserved 1058816K
  class space    used 1221K, capacity 1317K, committed 1408K, reserved 1048576K
Event: 1.695 GC heap after
Heap after GC invocations=1 (full 0):
 PSYoungGen      total 18432K, used 2544K [0x00000000ebc00000, 0x00000000ed080000, 0x0000000100000000)
  eden space 15872K, 0% used [0x00000000ebc00000,0x00000000ebc00000,0x00000000ecb80000)
  from space 2560K, 99% used [0x00000000ecb80000,0x00000000ecdfc070,0x00000000ece00000)
  to   space 2560K, 0% used [0x00000000ece00000,0x00000000ece00000,0x00000000ed080000)
 ParOldGen       total 42496K, used 754K [0x00000000c3400000, 0x00000000c5d80000, 0x00000000ebc00000)
  object space 42496K, 1% used [0x00000000c3400000,0x00000000c34bca90,0x00000000c5d80000)
 Metaspace       used 10662K, capacity 10936K, committed 11136K, reserved 1058816K
  class space    used 1221K, capacity 1317K, committed 1408K, reserved 1048576K
}
Event: 3.123 GC heap before
{Heap before GC invocations=2 (full 0):
 PSYoungGen      total 18432K, used 18400K [0x00000000ebc00000, 0x00000000ed080000, 0x0000000100000000)
  eden space 15872K, 99% used [0x00000000ebc00000,0x00000000ecb7bff8,0x00000000ecb80000)
  from space 2560K, 99% used [0x00000000ecb80000,0x00000000ecdfc070,0x00000000ece00000)
  to   space 2560K, 0% used [0x00000000ece00000,0x00000000ece00000,0x00000000ed080000)
 ParOldGen       total 42496K, used 754K [0x00000000c3400000, 0x00000000c5d80000, 0x00000000ebc00000)
  object space 42496K, 1% used [0x00000000c3400000,0x00000000c34bca90,0x00000000c5d80000)
 Metaspace       used 16667K, capacity 17190K, committed 17408K, reserved 1064960K
  class space    used 2139K, capacity 2275K, committed 2304K, reserved 1048576K
Event: 3.142 GC heap after
Heap after GC invocations=2 (full 0):
 PSYoungGen      total 18432K, used 2544K [0x00000000ebc00000, 0x00000000ed080000, 0x0000000100000000)
  eden space 15872K, 0% used [0x00000000ebc00000,0x00000000ebc00000,0x00000000ecb80000)
  from space 2560K, 99% used [0x00000000ece00000,0x00000000ed07c050,0x00000000ed080000)
  to   space 2560K, 0% used [0x00000000ecb80000,0x00000000ecb80000,0x00000000ece00000)
 ParOldGen       total 42496K, used 3952K [0x00000000c3400000, 0x00000000c5d80000, 0x00000000ebc00000)
  object space 42496K, 9% used [0x00000000c3400000,0x00000000c37dc370,0x00000000c5d80000)
 Metaspace       used 16667K, capacity 17190K, committed 17408K, reserved 1064960K
  class space    used 2139K, capacity 2275K, committed 2304K, reserved 1048576K
}
Event: 4.096 GC heap before
{Heap before GC invocations=3 (full 0):
 PSYoungGen      total 18432K, used 14812K [0x00000000ebc00000, 0x00000000ed080000, 0x0000000100000000)
  eden space 15872K, 77% used [0x00000000ebc00000,0x00000000ec7fb368,0x00000000ecb80000)
  from space 2560K, 99% used [0x00000000ece00000,0x00000000ed07c050,0x00000000ed080000)
  to   space 2560K, 0% used [0x00000000ecb80000,0x00000000ecb80000,0x00000000ece00000)
 ParOldGen       total 42496K, used 3952K [0x00000000c3400000, 0x00000000c5d80000, 0x00000000ebc00000)
  object space 42496K, 9% used [0x00000000c3400000,0x00000000c37dc370,0x00000000c5d80000)
 Metaspace       used 20292K, capacity 21150K, committed 21248K, reserved 1067008K
  class space    used 2840K, capacity 3037K, committed 3072K, reserved 1048576K
Event: 4.110 GC heap after
Heap after GC invocations=3 (full 0):
 PSYoungGen      total 18432K, used 2544K [0x00000000ebc00000, 0x00000000ee000000, 0x0000000100000000)
  eden space 15872K, 0% used [0x00000000ebc00000,0x00000000ebc00000,0x00000000ecb80000)
  from space 2560K, 99% used [0x00000000ecb80000,0x00000000ecdfc020,0x00000000ece00000)
  to   space 2560K, 0% used [0x00000000edd80000,0x00000000edd80000,0x00000000ee000000)
 ParOldGen       total 42496K, used 6851K [0x00000000c3400000, 0x00000000c5d80000, 0x00000000ebc00000)
  object space 42496K, 16% used [0x00000000c3400000,0x00000000c3ab0f98,0x00000000c5d80000)
 Metaspace       used 20292K, capacity 21150K, committed 21248K, reserved 1067008K
  class space    used 2840K, capacity 3037K, committed 3072K, reserved 1048576K
}
Event: 4.110 GC heap before
{Heap before GC invocations=4 (full 1):
 PSYoungGen      total 18432K, used 2544K [0x00000000ebc00000, 0x00000000ee000000, 0x0000000100000000)
  eden space 15872K, 0% used [0x00000000ebc00000,0x00000000ebc00000,0x00000000ecb80000)
  from space 2560K, 99% used [0x00000000ecb80000,0x00000000ecdfc020,0x00000000ece00000)
  to   space 2560K, 0% used [0x00000000edd80000,0x00000000edd80000,0x00000000ee000000)
 ParOldGen       total 42496K, used 6851K [0x00000000c3400000, 0x00000000c5d80000, 0x00000000ebc00000)
  object space 42496K, 16% used [0x00000000c3400000,0x00000000c3ab0f98,0x00000000c5d80000)
 Metaspace       used 20292K, capacity 21150K, committed 21248K, reserved 1067008K
  class space    used 2840K, capacity 3037K, committed 3072K, reserved 1048576K
Event: 4.279 GC heap after
Heap after GC invocations=4 (full 1):
 PSYoungGen      total 18432K, used 0K [0x00000000ebc00000, 0x00000000ee000000, 0x0000000100000000)
  eden space 15872K, 0% used [0x00000000ebc00000,0x00000000ebc00000,0x00000000ecb80000)
  from space 2560K, 0% used [0x00000000ecb80000,0x00000000ecb80000,0x00000000ece00000)
  to   space 2560K, 0% used [0x00000000edd80000,0x00000000edd80000,0x00000000ee000000)
 ParOldGen       total 41472K, used 8639K [0x00000000c3400000, 0x00000000c5c80000, 0x00000000ebc00000)
  object space 41472K, 20% used [0x00000000c3400000,0x00000000c3c6fdf8,0x00000000c5c80000)
 Metaspace       used 20292K, capacity 21150K, committed 21248K, reserved 1067008K
  class space    used 2840K, capacity 3037K, committed 3072K, reserved 1048576K
}
Event: 14.160 GC heap before
{Heap before GC invocations=5 (full 1):
 PSYoungGen      total 18432K, used 15798K [0x00000000ebc00000, 0x00000000ee000000, 0x0000000100000000)
  eden space 15872K, 99% used [0x00000000ebc00000,0x00000000ecb6d868,0x00000000ecb80000)
  from space 2560K, 0% used [0x00000000ecb80000,0x00000000ecb80000,0x00000000ece00000)
  to   space 2560K, 0% used [0x00000000edd80000,0x00000000edd80000,0x00000000ee000000)
 ParOldGen       total 41472K, used 8639K [0x00000000c3400000, 0x00000000c5c80000, 0x00000000ebc00000)
  object space 41472K, 20% used [0x00000000c3400000,0x00000000c3c6fdf8,0x00000000c5c80000)
 Metaspace       used 23278K, capacity 24450K, committed 24832K, reserved 1071104K
  class space    used 3239K, capacity 3467K, committed 3584K, reserved 1048576K
Event: 14.171 GC heap after
Heap after GC invocations=5 (full 1):
 PSYoungGen      total 21504K, used 2543K [0x00000000ebc00000, 0x00000000ee000000, 0x0000000100000000)
  eden space 18944K, 0% used [0x00000000ebc00000,0x00000000ebc00000,0x00000000ece80000)
  from space 2560K, 99% used [0x00000000edd80000,0x00000000edffbc20,0x00000000ee000000)
  to   space 2560K, 0% used [0x00000000edb00000,0x00000000edb00000,0x00000000edd80000)
 ParOldGen       total 41472K, used 10891K [0x00000000c3400000, 0x00000000c5c80000, 0x00000000ebc00000)
  object space 41472K, 26% used [0x00000000c3400000,0x00000000c3ea2f58,0x00000000c5c80000)
 Metaspace       used 23278K, capacity 24450K, committed 24832K, reserved 1071104K
  class space    used 3239K, capacity 3467K, committed 3584K, reserved 1048576K
}

